TN:
SF:providers/AuthProvider.tsx
FN:45,(anonymous_0)
FN:49,(anonymous_1)
FN:50,(anonymous_2)
FN:63,(anonymous_3)
FN:87,(anonymous_4)
FN:133,(anonymous_5)
FN:143,(anonymous_6)
FN:162,(anonymous_7)
FN:173,(anonymous_8)
FN:181,(anonymous_9)
FN:191,(anonymous_10)
FN:210,(anonymous_11)
FNF:12
FNH:10
FNDA:20,(anonymous_0)
FNDA:20,(anonymous_1)
FNDA:20,(anonymous_2)
FNDA:6,(anonymous_3)
FNDA:5,(anonymous_4)
FNDA:2,(anonymous_5)
FNDA:4,(anonymous_6)
FNDA:1,(anonymous_7)
FNDA:0,(anonymous_8)
FNDA:1,(anonymous_9)
FNDA:0,(anonymous_10)
FNDA:23,(anonymous_11)
DA:43,1
DA:45,1
DA:46,20
DA:47,20
DA:49,20
DA:50,20
DA:51,20
DA:52,0
DA:53,0
DA:54,0
DA:56,20
DA:57,20
DA:60,20
DA:63,20
DA:65,6
DA:66,2
DA:69,4
DA:70,4
DA:71,1
DA:74,3
DA:75,1
DA:78,2
DA:79,2
DA:81,1
DA:82,1
DA:87,20
DA:94,5
DA:95,0
DA:98,5
DA:99,5
DA:100,0
DA:103,5
DA:104,1
DA:107,4
DA:108,1
DA:112,3
DA:113,3
DA:120,2
DA:121,2
DA:123,2
DA:124,2
DA:127,1
DA:128,1
DA:133,20
DA:134,2
DA:135,2
DA:136,2
DA:138,1
DA:139,1
DA:143,20
DA:144,4
DA:145,1
DA:148,3
DA:149,3
DA:150,1
DA:153,2
DA:154,2
DA:156,1
DA:157,1
DA:162,20
DA:163,1
DA:165,0
DA:174,0
DA:181,20
DA:182,1
DA:183,0
DA:192,0
DA:201,20
DA:210,1
DA:211,23
DA:212,22
DA:213,2
DA:215,20
LF:73
LH:64
BRDA:51,0,0,0
BRDA:51,0,1,20
BRDA:65,1,0,2
BRDA:65,1,1,4
BRDA:65,2,0,6
BRDA:65,2,1,5
BRDA:70,3,0,1
BRDA:70,3,1,3
BRDA:74,4,0,1
BRDA:74,4,1,2
BRDA:94,5,0,0
BRDA:94,5,1,5
BRDA:94,6,0,5
BRDA:94,6,1,5
BRDA:94,6,2,5
BRDA:99,7,0,0
BRDA:99,7,1,5
BRDA:103,8,0,1
BRDA:103,8,1,4
BRDA:107,9,0,1
BRDA:107,9,1,3
BRDA:123,10,0,2
BRDA:123,10,1,0
BRDA:123,11,0,2
BRDA:123,11,1,2
BRDA:144,12,0,1
BRDA:144,12,1,3
BRDA:149,13,0,1
BRDA:149,13,1,2
BRDA:163,14,0,1
BRDA:163,14,1,0
BRDA:182,15,0,1
BRDA:182,15,1,0
BRDA:212,16,0,2
BRDA:212,16,1,20
BRF:35
BRH:29
end_of_record
